[INFO  - 2016-02-03T13:15:41.455Z] GhostDriver - Main - running on port 23661
[INFO  - 2016-02-03T13:15:41.994Z] Session [39d64c60-ca78-11e5-b33e-cb7aa7307202] - page.settings - {"XSSAuditingEnabled":false,"javascriptCanCloseWindows":true,"javascriptCanOpenWindows":true,"javascriptEnabled":true,"loadImages":true,"localToRemoteUrlAccessEnabled":false,"userAgent":"Mozilla/5.0 (Macintosh; Intel Mac OS X) AppleWebKit/538.1 (KHTML, like Gecko) PhantomJS/2.1.1 Safari/538.1","webSecurityEnabled":true}
[INFO  - 2016-02-03T13:15:41.994Z] Session [39d64c60-ca78-11e5-b33e-cb7aa7307202] - page.customHeaders:  - {}
[INFO  - 2016-02-03T13:15:41.994Z] Session [39d64c60-ca78-11e5-b33e-cb7aa7307202] - Session.negotiatedCapabilities - {"browserName":"phantomjs","version":"2.1.1","driverName":"ghostdriver","driverVersion":"1.2.0","platform":"mac-10.11 (El Capitan)-64bit","javascriptEnabled":true,"takesScreenshot":true,"handlesAlerts":false,"databaseEnabled":false,"locationContextEnabled":false,"applicationCacheEnabled":false,"browserConnectionEnabled":false,"cssSelectorsEnabled":true,"webStorageEnabled":false,"rotatable":false,"acceptSslCerts":false,"nativeEvents":true,"proxy":{"proxyType":"direct"}}
[INFO  - 2016-02-03T13:15:41.994Z] SessionManagerReqHand - _postNewSessionCommand - New Session Created: 39d64c60-ca78-11e5-b33e-cb7aa7307202
[INFO  - 2016-02-03T13:15:47.688Z] ShutdownReqHand - _handle - About to shutdown
[INFO  - 2016-02-03T14:55:29.518Z] GhostDriver - Main - running on port 36985
[INFO  - 2016-02-03T14:55:29.595Z] Session [2ab96650-ca86-11e5-bbd4-372906dff8d4] - page.settings - {"XSSAuditingEnabled":false,"javascriptCanCloseWindows":true,"javascriptCanOpenWindows":true,"javascriptEnabled":true,"loadImages":true,"localToRemoteUrlAccessEnabled":false,"userAgent":"Mozilla/5.0 (Macintosh; Intel Mac OS X) AppleWebKit/538.1 (KHTML, like Gecko) PhantomJS/2.1.1 Safari/538.1","webSecurityEnabled":true}
[INFO  - 2016-02-03T14:55:29.595Z] Session [2ab96650-ca86-11e5-bbd4-372906dff8d4] - page.customHeaders:  - {}
[INFO  - 2016-02-03T14:55:29.595Z] Session [2ab96650-ca86-11e5-bbd4-372906dff8d4] - Session.negotiatedCapabilities - {"browserName":"phantomjs","version":"2.1.1","driverName":"ghostdriver","driverVersion":"1.2.0","platform":"mac-10.11 (El Capitan)-64bit","javascriptEnabled":true,"takesScreenshot":true,"handlesAlerts":false,"databaseEnabled":false,"locationContextEnabled":false,"applicationCacheEnabled":false,"browserConnectionEnabled":false,"cssSelectorsEnabled":true,"webStorageEnabled":false,"rotatable":false,"acceptSslCerts":false,"nativeEvents":true,"proxy":{"proxyType":"direct"}}
[INFO  - 2016-02-03T14:55:29.595Z] SessionManagerReqHand - _postNewSessionCommand - New Session Created: 2ab96650-ca86-11e5-bbd4-372906dff8d4
[INFO  - 2016-02-03T14:55:36.251Z] ShutdownReqHand - _handle - About to shutdown
[INFO  - 2016-02-03T14:57:41.552Z] GhostDriver - Main - running on port 3119
[INFO  - 2016-02-03T14:57:42.020Z] Session [79a800f0-ca86-11e5-837b-f5acece45713] - page.settings - {"XSSAuditingEnabled":false,"javascriptCanCloseWindows":true,"javascriptCanOpenWindows":true,"javascriptEnabled":true,"loadImages":true,"localToRemoteUrlAccessEnabled":false,"userAgent":"Mozilla/5.0 (Macintosh; Intel Mac OS X) AppleWebKit/538.1 (KHTML, like Gecko) PhantomJS/2.1.1 Safari/538.1","webSecurityEnabled":true}
[INFO  - 2016-02-03T14:57:42.020Z] Session [79a800f0-ca86-11e5-837b-f5acece45713] - page.customHeaders:  - {}
[INFO  - 2016-02-03T14:57:42.020Z] Session [79a800f0-ca86-11e5-837b-f5acece45713] - Session.negotiatedCapabilities - {"browserName":"phantomjs","version":"2.1.1","driverName":"ghostdriver","driverVersion":"1.2.0","platform":"mac-10.11 (El Capitan)-64bit","javascriptEnabled":true,"takesScreenshot":true,"handlesAlerts":false,"databaseEnabled":false,"locationContextEnabled":false,"applicationCacheEnabled":false,"browserConnectionEnabled":false,"cssSelectorsEnabled":true,"webStorageEnabled":false,"rotatable":false,"acceptSslCerts":false,"nativeEvents":true,"proxy":{"proxyType":"direct"}}
[INFO  - 2016-02-03T14:57:42.020Z] SessionManagerReqHand - _postNewSessionCommand - New Session Created: 79a800f0-ca86-11e5-837b-f5acece45713
[INFO  - 2016-02-03T14:57:48.212Z] ShutdownReqHand - _handle - About to shutdown
[INFO  - 2016-02-03T15:21:13.681Z] GhostDriver - Main - running on port 22888
[INFO  - 2016-02-03T15:21:13.900Z] Session [c333a460-ca89-11e5-add8-3709a1d8e0d7] - page.settings - {"XSSAuditingEnabled":false,"javascriptCanCloseWindows":true,"javascriptCanOpenWindows":true,"javascriptEnabled":true,"loadImages":true,"localToRemoteUrlAccessEnabled":false,"userAgent":"Mozilla/5.0 (Macintosh; Intel Mac OS X) AppleWebKit/538.1 (KHTML, like Gecko) PhantomJS/2.1.1 Safari/538.1","webSecurityEnabled":true}
[INFO  - 2016-02-03T15:21:13.900Z] Session [c333a460-ca89-11e5-add8-3709a1d8e0d7] - page.customHeaders:  - {}
[INFO  - 2016-02-03T15:21:13.900Z] Session [c333a460-ca89-11e5-add8-3709a1d8e0d7] - Session.negotiatedCapabilities - {"browserName":"phantomjs","version":"2.1.1","driverName":"ghostdriver","driverVersion":"1.2.0","platform":"mac-10.11 (El Capitan)-64bit","javascriptEnabled":true,"takesScreenshot":true,"handlesAlerts":false,"databaseEnabled":false,"locationContextEnabled":false,"applicationCacheEnabled":false,"browserConnectionEnabled":false,"cssSelectorsEnabled":true,"webStorageEnabled":false,"rotatable":false,"acceptSslCerts":false,"nativeEvents":true,"proxy":{"proxyType":"direct"}}
[INFO  - 2016-02-03T15:21:13.901Z] SessionManagerReqHand - _postNewSessionCommand - New Session Created: c333a460-ca89-11e5-add8-3709a1d8e0d7
[INFO  - 2016-02-03T15:21:19.822Z] ShutdownReqHand - _handle - About to shutdown
[INFO  - 2016-02-03T15:24:49.719Z] GhostDriver - Main - running on port 46506
[INFO  - 2016-02-03T15:24:50.269Z] Session [442b3c90-ca8a-11e5-b8e6-bbe11579bb02] - page.settings - {"XSSAuditingEnabled":false,"javascriptCanCloseWindows":true,"javascriptCanOpenWindows":true,"javascriptEnabled":true,"loadImages":true,"localToRemoteUrlAccessEnabled":false,"userAgent":"Mozilla/5.0 (Macintosh; Intel Mac OS X) AppleWebKit/538.1 (KHTML, like Gecko) PhantomJS/2.1.1 Safari/538.1","webSecurityEnabled":true}
[INFO  - 2016-02-03T15:24:50.269Z] Session [442b3c90-ca8a-11e5-b8e6-bbe11579bb02] - page.customHeaders:  - {}
[INFO  - 2016-02-03T15:24:50.269Z] Session [442b3c90-ca8a-11e5-b8e6-bbe11579bb02] - Session.negotiatedCapabilities - {"browserName":"phantomjs","version":"2.1.1","driverName":"ghostdriver","driverVersion":"1.2.0","platform":"mac-10.11 (El Capitan)-64bit","javascriptEnabled":true,"takesScreenshot":true,"handlesAlerts":false,"databaseEnabled":false,"locationContextEnabled":false,"applicationCacheEnabled":false,"browserConnectionEnabled":false,"cssSelectorsEnabled":true,"webStorageEnabled":false,"rotatable":false,"acceptSslCerts":false,"nativeEvents":true,"proxy":{"proxyType":"direct"}}
[INFO  - 2016-02-03T15:24:50.269Z] SessionManagerReqHand - _postNewSessionCommand - New Session Created: 442b3c90-ca8a-11e5-b8e6-bbe11579bb02
[INFO  - 2016-02-03T15:24:54.794Z] ShutdownReqHand - _handle - About to shutdown
[INFO  - 2016-02-03T15:30:45.649Z] GhostDriver - Main - running on port 11562
[INFO  - 2016-02-03T15:30:46.208Z] Session [185337c0-ca8b-11e5-89d5-87e60ba47f77] - page.settings - {"XSSAuditingEnabled":false,"javascriptCanCloseWindows":true,"javascriptCanOpenWindows":true,"javascriptEnabled":true,"loadImages":true,"localToRemoteUrlAccessEnabled":false,"userAgent":"Mozilla/5.0 (Macintosh; Intel Mac OS X) AppleWebKit/538.1 (KHTML, like Gecko) PhantomJS/2.1.1 Safari/538.1","webSecurityEnabled":true}
[INFO  - 2016-02-03T15:30:46.208Z] Session [185337c0-ca8b-11e5-89d5-87e60ba47f77] - page.customHeaders:  - {}
[INFO  - 2016-02-03T15:30:46.208Z] Session [185337c0-ca8b-11e5-89d5-87e60ba47f77] - Session.negotiatedCapabilities - {"browserName":"phantomjs","version":"2.1.1","driverName":"ghostdriver","driverVersion":"1.2.0","platform":"mac-10.11 (El Capitan)-64bit","javascriptEnabled":true,"takesScreenshot":true,"handlesAlerts":false,"databaseEnabled":false,"locationContextEnabled":false,"applicationCacheEnabled":false,"browserConnectionEnabled":false,"cssSelectorsEnabled":true,"webStorageEnabled":false,"rotatable":false,"acceptSslCerts":false,"nativeEvents":true,"proxy":{"proxyType":"direct"}}
[INFO  - 2016-02-03T15:30:46.208Z] SessionManagerReqHand - _postNewSessionCommand - New Session Created: 185337c0-ca8b-11e5-89d5-87e60ba47f77
[INFO  - 2016-02-03T15:30:51.225Z] ShutdownReqHand - _handle - About to shutdown
[INFO  - 2016-02-03T15:31:01.664Z] GhostDriver - Main - running on port 36556
[INFO  - 2016-02-03T15:31:02.209Z] Session [21dc9fc0-ca8b-11e5-93bb-8d730a51ebe6] - page.settings - {"XSSAuditingEnabled":false,"javascriptCanCloseWindows":true,"javascriptCanOpenWindows":true,"javascriptEnabled":true,"loadImages":true,"localToRemoteUrlAccessEnabled":false,"userAgent":"Mozilla/5.0 (Macintosh; Intel Mac OS X) AppleWebKit/538.1 (KHTML, like Gecko) PhantomJS/2.1.1 Safari/538.1","webSecurityEnabled":true}
[INFO  - 2016-02-03T15:31:02.209Z] Session [21dc9fc0-ca8b-11e5-93bb-8d730a51ebe6] - page.customHeaders:  - {}
[INFO  - 2016-02-03T15:31:02.209Z] Session [21dc9fc0-ca8b-11e5-93bb-8d730a51ebe6] - Session.negotiatedCapabilities - {"browserName":"phantomjs","version":"2.1.1","driverName":"ghostdriver","driverVersion":"1.2.0","platform":"mac-10.11 (El Capitan)-64bit","javascriptEnabled":true,"takesScreenshot":true,"handlesAlerts":false,"databaseEnabled":false,"locationContextEnabled":false,"applicationCacheEnabled":false,"browserConnectionEnabled":false,"cssSelectorsEnabled":true,"webStorageEnabled":false,"rotatable":false,"acceptSslCerts":false,"nativeEvents":true,"proxy":{"proxyType":"direct"}}
[INFO  - 2016-02-03T15:31:02.209Z] SessionManagerReqHand - _postNewSessionCommand - New Session Created: 21dc9fc0-ca8b-11e5-93bb-8d730a51ebe6
[INFO  - 2016-02-03T15:31:02.327Z] ShutdownReqHand - _handle - About to shutdown
[INFO  - 2016-02-03T15:31:08.730Z] GhostDriver - Main - running on port 42652
[INFO  - 2016-02-03T15:31:09.275Z] Session [2612f670-ca8b-11e5-98ff-bbd0c207bd3d] - page.settings - {"XSSAuditingEnabled":false,"javascriptCanCloseWindows":true,"javascriptCanOpenWindows":true,"javascriptEnabled":true,"loadImages":true,"localToRemoteUrlAccessEnabled":false,"userAgent":"Mozilla/5.0 (Macintosh; Intel Mac OS X) AppleWebKit/538.1 (KHTML, like Gecko) PhantomJS/2.1.1 Safari/538.1","webSecurityEnabled":true}
[INFO  - 2016-02-03T15:31:09.275Z] Session [2612f670-ca8b-11e5-98ff-bbd0c207bd3d] - page.customHeaders:  - {}
[INFO  - 2016-02-03T15:31:09.275Z] Session [2612f670-ca8b-11e5-98ff-bbd0c207bd3d] - Session.negotiatedCapabilities - {"browserName":"phantomjs","version":"2.1.1","driverName":"ghostdriver","driverVersion":"1.2.0","platform":"mac-10.11 (El Capitan)-64bit","javascriptEnabled":true,"takesScreenshot":true,"handlesAlerts":false,"databaseEnabled":false,"locationContextEnabled":false,"applicationCacheEnabled":false,"browserConnectionEnabled":false,"cssSelectorsEnabled":true,"webStorageEnabled":false,"rotatable":false,"acceptSslCerts":false,"nativeEvents":true,"proxy":{"proxyType":"direct"}}
[INFO  - 2016-02-03T15:31:09.275Z] SessionManagerReqHand - _postNewSessionCommand - New Session Created: 2612f670-ca8b-11e5-98ff-bbd0c207bd3d
[INFO  - 2016-02-03T15:31:09.394Z] ShutdownReqHand - _handle - About to shutdown
[INFO  - 2016-02-03T15:31:29.941Z] GhostDriver - Main - running on port 35315
[INFO  - 2016-02-03T15:31:30.496Z] Session [32b907c0-ca8b-11e5-8e92-1d6e85aec807] - page.settings - {"XSSAuditingEnabled":false,"javascriptCanCloseWindows":true,"javascriptCanOpenWindows":true,"javascriptEnabled":true,"loadImages":true,"localToRemoteUrlAccessEnabled":false,"userAgent":"Mozilla/5.0 (Macintosh; Intel Mac OS X) AppleWebKit/538.1 (KHTML, like Gecko) PhantomJS/2.1.1 Safari/538.1","webSecurityEnabled":true}
[INFO  - 2016-02-03T15:31:30.496Z] Session [32b907c0-ca8b-11e5-8e92-1d6e85aec807] - page.customHeaders:  - {}
[INFO  - 2016-02-03T15:31:30.496Z] Session [32b907c0-ca8b-11e5-8e92-1d6e85aec807] - Session.negotiatedCapabilities - {"browserName":"phantomjs","version":"2.1.1","driverName":"ghostdriver","driverVersion":"1.2.0","platform":"mac-10.11 (El Capitan)-64bit","javascriptEnabled":true,"takesScreenshot":true,"handlesAlerts":false,"databaseEnabled":false,"locationContextEnabled":false,"applicationCacheEnabled":false,"browserConnectionEnabled":false,"cssSelectorsEnabled":true,"webStorageEnabled":false,"rotatable":false,"acceptSslCerts":false,"nativeEvents":true,"proxy":{"proxyType":"direct"}}
[INFO  - 2016-02-03T15:31:30.496Z] SessionManagerReqHand - _postNewSessionCommand - New Session Created: 32b907c0-ca8b-11e5-8e92-1d6e85aec807
[INFO  - 2016-02-03T15:31:30.621Z] ShutdownReqHand - _handle - About to shutdown
[INFO  - 2016-02-03T15:31:38.583Z] GhostDriver - Main - running on port 3607
[INFO  - 2016-02-03T15:31:39.128Z] Session [37de2b40-ca8b-11e5-8bbb-dbd8194f6ab6] - page.settings - {"XSSAuditingEnabled":false,"javascriptCanCloseWindows":true,"javascriptCanOpenWindows":true,"javascriptEnabled":true,"loadImages":true,"localToRemoteUrlAccessEnabled":false,"userAgent":"Mozilla/5.0 (Macintosh; Intel Mac OS X) AppleWebKit/538.1 (KHTML, like Gecko) PhantomJS/2.1.1 Safari/538.1","webSecurityEnabled":true}
[INFO  - 2016-02-03T15:31:39.128Z] Session [37de2b40-ca8b-11e5-8bbb-dbd8194f6ab6] - page.customHeaders:  - {}
[INFO  - 2016-02-03T15:31:39.128Z] Session [37de2b40-ca8b-11e5-8bbb-dbd8194f6ab6] - Session.negotiatedCapabilities - {"browserName":"phantomjs","version":"2.1.1","driverName":"ghostdriver","driverVersion":"1.2.0","platform":"mac-10.11 (El Capitan)-64bit","javascriptEnabled":true,"takesScreenshot":true,"handlesAlerts":false,"databaseEnabled":false,"locationContextEnabled":false,"applicationCacheEnabled":false,"browserConnectionEnabled":false,"cssSelectorsEnabled":true,"webStorageEnabled":false,"rotatable":false,"acceptSslCerts":false,"nativeEvents":true,"proxy":{"proxyType":"direct"}}
[INFO  - 2016-02-03T15:31:39.128Z] SessionManagerReqHand - _postNewSessionCommand - New Session Created: 37de2b40-ca8b-11e5-8bbb-dbd8194f6ab6
[INFO  - 2016-02-03T15:31:44.116Z] ShutdownReqHand - _handle - About to shutdown
[INFO  - 2016-02-03T15:32:06.095Z] GhostDriver - Main - running on port 5834
[INFO  - 2016-02-03T15:32:06.636Z] Session [48438e80-ca8b-11e5-951c-4573bf39d21e] - page.settings - {"XSSAuditingEnabled":false,"javascriptCanCloseWindows":true,"javascriptCanOpenWindows":true,"javascriptEnabled":true,"loadImages":true,"localToRemoteUrlAccessEnabled":false,"userAgent":"Mozilla/5.0 (Macintosh; Intel Mac OS X) AppleWebKit/538.1 (KHTML, like Gecko) PhantomJS/2.1.1 Safari/538.1","webSecurityEnabled":true}
[INFO  - 2016-02-03T15:32:06.636Z] Session [48438e80-ca8b-11e5-951c-4573bf39d21e] - page.customHeaders:  - {}
[INFO  - 2016-02-03T15:32:06.636Z] Session [48438e80-ca8b-11e5-951c-4573bf39d21e] - Session.negotiatedCapabilities - {"browserName":"phantomjs","version":"2.1.1","driverName":"ghostdriver","driverVersion":"1.2.0","platform":"mac-10.11 (El Capitan)-64bit","javascriptEnabled":true,"takesScreenshot":true,"handlesAlerts":false,"databaseEnabled":false,"locationContextEnabled":false,"applicationCacheEnabled":false,"browserConnectionEnabled":false,"cssSelectorsEnabled":true,"webStorageEnabled":false,"rotatable":false,"acceptSslCerts":false,"nativeEvents":true,"proxy":{"proxyType":"direct"}}
[INFO  - 2016-02-03T15:32:06.636Z] SessionManagerReqHand - _postNewSessionCommand - New Session Created: 48438e80-ca8b-11e5-951c-4573bf39d21e
[INFO  - 2016-02-03T15:32:15.045Z] ShutdownReqHand - _handle - About to shutdown
[INFO  - 2016-02-03T15:32:34.282Z] GhostDriver - Main - running on port 39952
[INFO  - 2016-02-03T15:32:34.839Z] Session [59132540-ca8b-11e5-b268-85a8ce84d4c6] - page.settings - {"XSSAuditingEnabled":false,"javascriptCanCloseWindows":true,"javascriptCanOpenWindows":true,"javascriptEnabled":true,"loadImages":true,"localToRemoteUrlAccessEnabled":false,"userAgent":"Mozilla/5.0 (Macintosh; Intel Mac OS X) AppleWebKit/538.1 (KHTML, like Gecko) PhantomJS/2.1.1 Safari/538.1","webSecurityEnabled":true}
[INFO  - 2016-02-03T15:32:34.840Z] Session [59132540-ca8b-11e5-b268-85a8ce84d4c6] - page.customHeaders:  - {}
[INFO  - 2016-02-03T15:32:34.840Z] Session [59132540-ca8b-11e5-b268-85a8ce84d4c6] - Session.negotiatedCapabilities - {"browserName":"phantomjs","version":"2.1.1","driverName":"ghostdriver","driverVersion":"1.2.0","platform":"mac-10.11 (El Capitan)-64bit","javascriptEnabled":true,"takesScreenshot":true,"handlesAlerts":false,"databaseEnabled":false,"locationContextEnabled":false,"applicationCacheEnabled":false,"browserConnectionEnabled":false,"cssSelectorsEnabled":true,"webStorageEnabled":false,"rotatable":false,"acceptSslCerts":false,"nativeEvents":true,"proxy":{"proxyType":"direct"}}
[INFO  - 2016-02-03T15:32:34.840Z] SessionManagerReqHand - _postNewSessionCommand - New Session Created: 59132540-ca8b-11e5-b268-85a8ce84d4c6
[INFO  - 2016-02-03T15:32:34.961Z] ShutdownReqHand - _handle - About to shutdown
[INFO  - 2016-02-03T15:34:57.491Z] GhostDriver - Main - running on port 44824
[INFO  - 2016-02-03T15:34:57.982Z] Session [ae64ba90-ca8b-11e5-a7f9-030fd82616b6] - page.settings - {"XSSAuditingEnabled":false,"javascriptCanCloseWindows":true,"javascriptCanOpenWindows":true,"javascriptEnabled":true,"loadImages":true,"localToRemoteUrlAccessEnabled":false,"userAgent":"Mozilla/5.0 (Macintosh; Intel Mac OS X) AppleWebKit/538.1 (KHTML, like Gecko) PhantomJS/2.1.1 Safari/538.1","webSecurityEnabled":true}
[INFO  - 2016-02-03T15:34:57.982Z] Session [ae64ba90-ca8b-11e5-a7f9-030fd82616b6] - page.customHeaders:  - {}
[INFO  - 2016-02-03T15:34:57.982Z] Session [ae64ba90-ca8b-11e5-a7f9-030fd82616b6] - Session.negotiatedCapabilities - {"browserName":"phantomjs","version":"2.1.1","driverName":"ghostdriver","driverVersion":"1.2.0","platform":"mac-10.11 (El Capitan)-64bit","javascriptEnabled":true,"takesScreenshot":true,"handlesAlerts":false,"databaseEnabled":false,"locationContextEnabled":false,"applicationCacheEnabled":false,"browserConnectionEnabled":false,"cssSelectorsEnabled":true,"webStorageEnabled":false,"rotatable":false,"acceptSslCerts":false,"nativeEvents":true,"proxy":{"proxyType":"direct"}}
[INFO  - 2016-02-03T15:34:57.982Z] SessionManagerReqHand - _postNewSessionCommand - New Session Created: ae64ba90-ca8b-11e5-a7f9-030fd82616b6
[INFO  - 2016-02-03T15:35:03.535Z] ShutdownReqHand - _handle - About to shutdown
[INFO  - 2016-02-03T15:36:33.751Z] GhostDriver - Main - running on port 4379
[INFO  - 2016-02-03T15:36:34.231Z] Session [e7c35030-ca8b-11e5-aa40-237394535c34] - page.settings - {"XSSAuditingEnabled":false,"javascriptCanCloseWindows":true,"javascriptCanOpenWindows":true,"javascriptEnabled":true,"loadImages":true,"localToRemoteUrlAccessEnabled":false,"userAgent":"Mozilla/5.0 (Macintosh; Intel Mac OS X) AppleWebKit/538.1 (KHTML, like Gecko) PhantomJS/2.1.1 Safari/538.1","webSecurityEnabled":true}
[INFO  - 2016-02-03T15:36:34.231Z] Session [e7c35030-ca8b-11e5-aa40-237394535c34] - page.customHeaders:  - {}
[INFO  - 2016-02-03T15:36:34.231Z] Session [e7c35030-ca8b-11e5-aa40-237394535c34] - Session.negotiatedCapabilities - {"browserName":"phantomjs","version":"2.1.1","driverName":"ghostdriver","driverVersion":"1.2.0","platform":"mac-10.11 (El Capitan)-64bit","javascriptEnabled":true,"takesScreenshot":true,"handlesAlerts":false,"databaseEnabled":false,"locationContextEnabled":false,"applicationCacheEnabled":false,"browserConnectionEnabled":false,"cssSelectorsEnabled":true,"webStorageEnabled":false,"rotatable":false,"acceptSslCerts":false,"nativeEvents":true,"proxy":{"proxyType":"direct"}}
[INFO  - 2016-02-03T15:36:34.231Z] SessionManagerReqHand - _postNewSessionCommand - New Session Created: e7c35030-ca8b-11e5-aa40-237394535c34
[INFO  - 2016-02-03T15:36:40.013Z] ShutdownReqHand - _handle - About to shutdown
[INFO  - 2016-02-03T15:50:56.219Z] GhostDriver - Main - running on port 12328
[INFO  - 2016-02-03T15:50:56.560Z] Session [e9bff8a0-ca8d-11e5-bdbf-4d172ab43b9e] - page.settings - {"XSSAuditingEnabled":false,"javascriptCanCloseWindows":true,"javascriptCanOpenWindows":true,"javascriptEnabled":true,"loadImages":true,"localToRemoteUrlAccessEnabled":false,"userAgent":"Mozilla/5.0 (Macintosh; Intel Mac OS X) AppleWebKit/538.1 (KHTML, like Gecko) PhantomJS/2.1.1 Safari/538.1","webSecurityEnabled":true}
[INFO  - 2016-02-03T15:50:56.560Z] Session [e9bff8a0-ca8d-11e5-bdbf-4d172ab43b9e] - page.customHeaders:  - {}
[INFO  - 2016-02-03T15:50:56.560Z] Session [e9bff8a0-ca8d-11e5-bdbf-4d172ab43b9e] - Session.negotiatedCapabilities - {"browserName":"phantomjs","version":"2.1.1","driverName":"ghostdriver","driverVersion":"1.2.0","platform":"mac-10.11 (El Capitan)-64bit","javascriptEnabled":true,"takesScreenshot":true,"handlesAlerts":false,"databaseEnabled":false,"locationContextEnabled":false,"applicationCacheEnabled":false,"browserConnectionEnabled":false,"cssSelectorsEnabled":true,"webStorageEnabled":false,"rotatable":false,"acceptSslCerts":false,"nativeEvents":true,"proxy":{"proxyType":"direct"}}
[INFO  - 2016-02-03T15:50:56.560Z] SessionManagerReqHand - _postNewSessionCommand - New Session Created: e9bff8a0-ca8d-11e5-bdbf-4d172ab43b9e
[INFO  - 2016-02-03T15:51:02.009Z] ShutdownReqHand - _handle - About to shutdown
